<?xml version="1.0" encoding="UTF-8"?>
<!-- Generated by org.testng.reporters.JUnitReportReporter -->
<testsuite hostname="SRIRAM" failures="0" tests="1" name="com.testing.AddtoCart" time="25.090" errors="0" timestamp="2022-10-03T20:00:57 IST" skipped="0">
  <testcase classname="com.testing.AddtoCart" name="AddCartTest" time="25.090"/>
  <system-out/>
</testsuite> <!-- com.testing.AddtoCart -->
