<?xml version="1.0" encoding="UTF-8"?>
<!-- Generated by org.testng.reporters.JUnitReportReporter -->
<testsuite hostname="SRIRAM" failures="0" tests="1" name="com.testing.GoogleSearchTest" time="30.956" errors="0" timestamp="2022-10-03T20:01:40 IST" skipped="0">
  <testcase classname="com.testing.GoogleSearchTest" name="SearchTest" time="30.956"/>
  <system-out/>
</testsuite> <!-- com.testing.GoogleSearchTest -->
