<?xml version="1.0" encoding="UTF-8"?>
<!-- Generated by org.testng.reporters.JUnitReportReporter -->
<testsuite hostname="SRIRAM" failures="0" tests="1" name="com.testing.RegisterPage" time="31.316" errors="0" timestamp="2022-10-03T19:07:20 IST" skipped="0">
  <testcase classname="com.testing.RegisterPage" name="RegisterPageTest" time="31.316"/>
  <system-out/>
</testsuite> <!-- com.testing.RegisterPage -->
