<?xml version="1.0" encoding="UTF-8"?>
<!-- Generated by org.testng.reporters.JUnitReportReporter -->
<testsuite hostname="SRIRAM" failures="0" tests="1" name="NewTest1" time="56.551" errors="0" timestamp="2022-10-03T13:10:45 IST" skipped="0">
  <testcase classname="NewTest1" name="f" time="56.551"/>
  <system-out/>
</testsuite> <!-- NewTest1 -->
