<?xml version="1.0" encoding="UTF-8"?>
<!-- Generated by org.testng.reporters.JUnitReportReporter -->
<testsuite hostname="SRIRAM" failures="0" tests="1" name="NewTest" time="52.976" errors="0" timestamp="2022-10-03T13:09:10 IST" skipped="0">
  <testcase classname="NewTest" name="f" time="52.976"/>
  <system-out/>
</testsuite> <!-- NewTest -->
